<?xml version="1.0" encoding="UTF-8"?>
<testsuite name="HuffmanTest" tests="2" skipped="0" failures="0" errors="0" timestamp="2021-12-15T21:01:47" hostname="tuomos-MacBook-Pro.local" time="0.167">
  <properties/>
  <testcase name="SimpleHuffmanCompresses" classname="HuffmanTest" time="0.081"/>
  <testcase name="ComplexHuffmanCompresses" classname="HuffmanTest" time="0.086"/>
  <system-out><![CDATA[compressing
all bytes read
byte : 0 data: a
byte : 1 data: a
byte : 2 data: b
byte : 3 data: b
byte : 4 data: c
byte : 5 data: a
data: aaabbca
closing at: 8
Tree decoded
inputData: aaabbca
result: a target : a
result: a target : a
result: a target : a
result: b target : b
result: b target : b
result: c target : c
result: a target : a
compressing
all bytes read
byte : 0 data: n
byte : 1 data: d
byte : 2 data:  
byte : 3 data: t
byte : 4 data: h
byte : 5 data: e
byte : 6 data:  
byte : 7 data: L
byte : 8 data: O
byte : 9 data: R
byte : 10 data: D
byte : 11 data:  
byte : 12 data: s
byte : 13 data: a
byte : 14 data: i
byte : 15 data: d
byte : 16 data:  
byte : 17 data: u
byte : 18 data: n
byte : 19 data: t
byte : 20 data: o
byte : 21 data:  
byte : 22 data: S
byte : 23 data: a
byte : 24 data: t
byte : 25 data: a
byte : 26 data: n
byte : 27 data: ,
byte : 28 data:  
byte : 29 data: W
byte : 30 data: h
byte : 31 data: e
byte : 32 data: n
byte : 33 data: c
byte : 34 data: e
byte : 35 data:  
byte : 36 data: c
byte : 37 data: o
byte : 38 data: m
byte : 39 data: e
byte : 40 data: s
byte : 41 data: t
byte : 42 data:  
byte : 43 data: t
byte : 44 data: h
byte : 45 data: o
byte : 46 data: u
byte : 47 data: ?
byte : 48 data:  
byte : 49 data: T
byte : 50 data: h
byte : 51 data: e
byte : 52 data: n
byte : 53 data:  
byte : 54 data: S
byte : 55 data: a
byte : 56 data: t
byte : 57 data: a
byte : 58 data: n
byte : 59 data:  
byte : 60 data: a
byte : 61 data: n
byte : 62 data: s
byte : 63 data: w
byte : 64 data: e
byte : 65 data: r
byte : 66 data: e
byte : 67 data: d
byte : 68 data:  
byte : 69 data: t
byte : 70 data: h
byte : 71 data: e
byte : 72 data:  
byte : 73 data: L
byte : 74 data: O
byte : 75 data: R
byte : 76 data: D
byte : 77 data: ,
byte : 78 data:  
byte : 79 data: a
byte : 80 data: n
byte : 81 data: d
byte : 82 data:  
byte : 83 data: s
byte : 84 data: a
byte : 85 data: i
byte : 86 data: d
byte : 87 data: ,
byte : 88 data:  
byte : 89 data: F
byte : 90 data: r
byte : 91 data: o
byte : 92 data: m
byte : 93 data:  
byte : 94 data: g
byte : 95 data: o
byte : 96 data: i
byte : 97 data: n
byte : 98 data: g
byte : 99 data:  
byte : 100 data: t
byte : 101 data: o
byte : 102 data:  
byte : 103 data: a
byte : 104 data: n
byte : 105 data: d
byte : 106 data:  
byte : 107 data: f
byte : 108 data: r
byte : 109 data: o
byte : 110 data:  
byte : 111 data: i
byte : 112 data: n
byte : 113 data:  
byte : 114 data: t
byte : 115 data: h
byte : 116 data: e
byte : 117 data:  
byte : 118 data: e
byte : 119 data: a
byte : 120 data: r
byte : 121 data: t
byte : 122 data: h
byte : 123 data: ,
byte : 124 data:  
byte : 125 data: a
byte : 126 data: n
byte : 127 data: d
byte : 128 data:  
byte : 129 data: f
byte : 130 data: r
byte : 131 data: o
byte : 132 data: m
byte : 133 data:  
byte : 134 data: w
byte : 135 data: a
byte : 136 data: l
byte : 137 data: k
byte : 138 data: i
byte : 139 data: n
byte : 140 data: g
byte : 141 data:  
byte : 142 data: u
byte : 143 data: p
byte : 144 data:  
byte : 145 data: a
byte : 146 data: n
byte : 147 data: d
byte : 148 data:  
byte : 149 data: d
byte : 150 data: o
byte : 151 data: w
byte : 152 data: n
byte : 153 data:  
byte : 154 data: i
byte : 155 data: n
byte : 156 data:  
byte : 157 data: i
byte : 158 data: t
byte : 159 data: .
data: And the LORD said unto Satan, Whence comest thou? Then Satan answered the LORD, and said, From going to and fro in the earth, and from walking up and down in it.
closing at: 130
Tree decoded
]]></system-out>
  <system-err><![CDATA[]]></system-err>
</testsuite>
