<?xml version="1.0" encoding="UTF-8"?>
<testsuite name="TSTTest" tests="4" skipped="0" failures="0" errors="0" timestamp="2021-12-20T19:48:25" hostname="tuomos-MacBook-Pro.local" time="0.003">
  <properties/>
  <testcase name="findIdofString" classname="TSTTest" time="0.002"/>
  <testcase name="findPrefix" classname="TSTTest" time="0.001"/>
  <testcase name="singleCharsAdd" classname="TSTTest" time="0.0"/>
  <testcase name="searchForNonExistent" classname="TSTTest" time="0.0"/>
  <system-out><![CDATA[]]></system-out>
  <system-err><![CDATA[]]></system-err>
</testsuite>
