<?xml version="1.0" encoding="UTF-8"?>
<testsuite name="HuffmanTest" tests="2" skipped="0" failures="0" errors="0" timestamp="2021-12-20T19:48:25" hostname="tuomos-MacBook-Pro.local" time="0.051">
  <properties/>
  <testcase name="SimpleHuffmanCompresses" classname="HuffmanTest" time="0.047"/>
  <testcase name="ComplexHuffmanCompresses" classname="HuffmanTest" time="0.004"/>
  <system-out><![CDATA[compressing
closing at: 8
Tree decoded
inputData: aaabbca
result: a target : a
result: a target : a
result: a target : a
result: b target : b
result: b target : b
result: c target : c
result: a target : a
compressing
closing at: 130
Tree decoded
]]></system-out>
  <system-err><![CDATA[]]></system-err>
</testsuite>
