<?xml version="1.0" encoding="UTF-8"?>
<testsuite name="FileServiceTest.FileServiceTest" tests="4" skipped="0" failures="0" errors="0" timestamp="2021-11-29T14:40:16" hostname="tuomos-MacBook-Pro.local" time="0.025">
  <properties/>
  <testcase name="writeBitTest" classname="FileServiceTest.FileServiceTest" time="0.015"/>
  <testcase name="writeByte" classname="FileServiceTest.FileServiceTest" time="0.001"/>
  <testcase name="writeChar" classname="FileServiceTest.FileServiceTest" time="0.002"/>
  <testcase name="writeInteger" classname="FileServiceTest.FileServiceTest" time="0.005"/>
  <system-out><![CDATA[]]></system-out>
  <system-err><![CDATA[]]></system-err>
</testsuite>
