<?xml version="1.0" encoding="UTF-8"?>
<testsuite name="HuffmanTest" tests="2" skipped="0" failures="0" errors="0" timestamp="2021-12-13T20:02:27" hostname="tuomos-MacBook-Pro.local" time="0.053">
  <properties/>
  <testcase name="SimpleHuffmanCompresses" classname="HuffmanTest" time="0.046"/>
  <testcase name="ComplexHuffmanCompresses" classname="HuffmanTest" time="0.006"/>
  <system-out><![CDATA[compressing
closing at: 8
Tree decoded
compressing
closing at: 130
Tree decoded
]]></system-out>
  <system-err><![CDATA[]]></system-err>
</testsuite>
