<?xml version="1.0" encoding="UTF-8"?>
<testsuite name="HuffmanTest" tests="3" skipped="0" failures="0" errors="0" timestamp="2021-11-27T17:48:34" hostname="tuomos-MacBook-Pro.local" time="0.11">
  <properties/>
  <testcase name="HuffmanReturnsData" classname="HuffmanTest" time="0.108"/>
  <testcase name="HuffManOccunces" classname="HuffmanTest" time="0.001"/>
  <testcase name="HuffmanConverts" classname="HuffmanTest" time="0.001"/>
  <system-out><![CDATA[Packed data in hfc: 1110101001
Packed data in hfc: 1110101001
Packed data in hfc: 1110101001
]]></system-out>
  <system-err><![CDATA[]]></system-err>
</testsuite>
