<?xml version="1.0" encoding="UTF-8"?>
<testsuite name="HuffmanTest" tests="2" skipped="0" failures="0" errors="0" timestamp="2021-12-31T13:08:59" hostname="tuomos-MacBook-Pro.local" time="0.093">
  <properties/>
  <testcase name="SimpleHuffmanCompresses" classname="HuffmanTest" time="0.086"/>
  <testcase name="ComplexHuffmanCompresses" classname="HuffmanTest" time="0.007"/>
  <system-out><![CDATA[compressing
Tree decoded
inputData: aaabbca
result: a target : a
result: a target : a
result: a target : a
result: b target : b
result: b target : b
result: c target : c
result: a target : a
compressing
Tree decoded
]]></system-out>
  <system-err><![CDATA[]]></system-err>
</testsuite>
