<?xml version="1.0" encoding="UTF-8"?>
<testsuite name="FileServiceTest.FileServiceTest" tests="4" skipped="0" failures="0" errors="0" timestamp="2021-11-30T17:12:13" hostname="tuomos-MacBook-Pro.local" time="0.023">
  <properties/>
  <testcase name="writeBitTest" classname="FileServiceTest.FileServiceTest" time="0.012"/>
  <testcase name="writeByte" classname="FileServiceTest.FileServiceTest" time="0.004"/>
  <testcase name="writeChar" classname="FileServiceTest.FileServiceTest" time="0.003"/>
  <testcase name="writeInteger" classname="FileServiceTest.FileServiceTest" time="0.003"/>
  <system-out><![CDATA[]]></system-out>
  <system-err><![CDATA[]]></system-err>
</testsuite>
